<?xml version="1.0" encoding="UTF-8"?>
<!-- Generated by org.testng.reporters.JUnitXMLReporter -->
<testsuite hostname="RSIKHAKPF210PJ1" ignored="0" name="Test" tests="1" failures="1" timestamp="2021-07-22T18:16:28 IST" time="9.091" errors="0">
  <testcase name="validate" time="0.025" classname="EndtoEndProject.ValidateText">
    <failure type="java.lang.AssertionError" message="expected [Featured 123Courses] but found [Featured Courses]">
      <![CDATA[java.lang.AssertionError: expected [Featured 123Courses] but found [Featured Courses]
at EndtoEndProject.ValidateText.validate(ValidateText.java:48)
at java.util.ArrayList.forEach(ArrayList.java:1259)
at java.util.concurrent.FutureTask.run(FutureTask.java:266)
at java.util.concurrent.ThreadPoolExecutor.runWorker(ThreadPoolExecutor.java:1149)
at java.util.concurrent.ThreadPoolExecutor$Worker.run(ThreadPoolExecutor.java:624)
at java.lang.Thread.run(Thread.java:748)
... Removed 24 stack frames]]>
    </failure>
  </testcase> <!-- validate -->
</testsuite> <!-- Test -->
