<?xml version="1.0" encoding="UTF-8"?>
<testng-results skipped="0" failed="1" ignored="0" total="4" passed="3">
  <reporter-output>
  </reporter-output>
  <suite name="Suite" duration-ms="15325" started-at="2021-07-22T18:16:19 IST" finished-at="2021-07-22T18:16:34 IST">
    <groups>
    </groups>
    <test name="Test" duration-ms="9091" started-at="2021-07-22T18:16:19 IST" finished-at="2021-07-22T18:16:28 IST">
      <class name="EndtoEndProject.ValidateText">
        <test-method status="PASS" signature="inti()[pri:0, instance:EndtoEndProject.ValidateText@2de56eb2]" name="inti" is-config="true" duration-ms="8755" started-at="2021-07-22T18:16:19 IST" finished-at="2021-07-22T18:16:28 IST">
          <reporter-output>
          </reporter-output>
        </test-method> <!-- inti -->
        <test-method status="FAIL" signature="validate()[pri:0, instance:EndtoEndProject.ValidateText@2de56eb2]" name="validate" duration-ms="25" started-at="2021-07-22T18:16:28 IST" finished-at="2021-07-22T18:16:28 IST">
          <exception class="java.lang.AssertionError">
            <message>
              <![CDATA[expected [Featured 123Courses] but found [Featured Courses]]]>
            </message>
            <full-stacktrace>
              <![CDATA[java.lang.AssertionError: expected [Featured 123Courses] but found [Featured Courses]
at org.testng.Assert.fail(Assert.java:99)
at org.testng.Assert.failNotEquals(Assert.java:1037)
at org.testng.Assert.assertEqualsImpl(Assert.java:140)
at org.testng.Assert.assertEquals(Assert.java:122)
at org.testng.Assert.assertEquals(Assert.java:629)
at org.testng.Assert.assertEquals(Assert.java:639)
at EndtoEndProject.ValidateText.validate(ValidateText.java:48)
at sun.reflect.NativeMethodAccessorImpl.invoke0(Native Method)
at sun.reflect.NativeMethodAccessorImpl.invoke(NativeMethodAccessorImpl.java:62)
at sun.reflect.DelegatingMethodAccessorImpl.invoke(DelegatingMethodAccessorImpl.java:43)
at java.lang.reflect.Method.invoke(Method.java:498)
at org.testng.internal.MethodInvocationHelper.invokeMethod(MethodInvocationHelper.java:133)
at org.testng.internal.TestInvoker.invokeMethod(TestInvoker.java:598)
at org.testng.internal.TestInvoker.invokeTestMethod(TestInvoker.java:173)
at org.testng.internal.MethodRunner.runInSequence(MethodRunner.java:46)
at org.testng.internal.TestInvoker$MethodInvocationAgent.invoke(TestInvoker.java:824)
at org.testng.internal.TestInvoker.invokeTestMethods(TestInvoker.java:146)
at org.testng.internal.TestMethodWorker.invokeTestMethods(TestMethodWorker.java:146)
at org.testng.internal.TestMethodWorker.run(TestMethodWorker.java:128)
at java.util.ArrayList.forEach(ArrayList.java:1259)
at org.testng.TestRunner.privateRun(TestRunner.java:794)
at org.testng.TestRunner.run(TestRunner.java:596)
at org.testng.SuiteRunner.runTest(SuiteRunner.java:377)
at org.testng.SuiteRunner.access$000(SuiteRunner.java:28)
at org.testng.SuiteRunner$SuiteWorker.run(SuiteRunner.java:418)
at org.testng.internal.thread.ThreadUtil.lambda$execute$0(ThreadUtil.java:64)
at java.util.concurrent.FutureTask.run(FutureTask.java:266)
at java.util.concurrent.ThreadPoolExecutor.runWorker(ThreadPoolExecutor.java:1149)
at java.util.concurrent.ThreadPoolExecutor$Worker.run(ThreadPoolExecutor.java:624)
at java.lang.Thread.run(Thread.java:748)
]]>
            </full-stacktrace>
          </exception> <!-- java.lang.AssertionError -->
          <reporter-output>
          </reporter-output>
        </test-method> <!-- validate -->
        <test-method status="PASS" signature="close()[pri:0, instance:EndtoEndProject.ValidateText@2de56eb2]" name="close" is-config="true" duration-ms="77" started-at="2021-07-22T18:16:28 IST" finished-at="2021-07-22T18:16:28 IST">
          <reporter-output>
          </reporter-output>
        </test-method> <!-- close -->
      </class> <!-- EndtoEndProject.ValidateText -->
    </test> <!-- Test -->
    <test name="Test2" duration-ms="9790" started-at="2021-07-22T18:16:19 IST" finished-at="2021-07-22T18:16:29 IST">
      <class name="EndtoEndProject.NavBar">
        <test-method status="PASS" signature="inti()[pri:0, instance:EndtoEndProject.NavBar@60f00693]" name="inti" is-config="true" duration-ms="9662" started-at="2021-07-22T18:16:19 IST" finished-at="2021-07-22T18:16:28 IST">
          <reporter-output>
          </reporter-output>
        </test-method> <!-- inti -->
        <test-method status="PASS" signature="navigationBar()[pri:0, instance:EndtoEndProject.NavBar@60f00693]" name="navigationBar" duration-ms="47" started-at="2021-07-22T18:16:28 IST" finished-at="2021-07-22T18:16:28 IST">
          <reporter-output>
          </reporter-output>
        </test-method> <!-- navigationBar -->
        <test-method status="PASS" signature="close()[pri:0, instance:EndtoEndProject.NavBar@60f00693]" name="close" is-config="true" duration-ms="76" started-at="2021-07-22T18:16:28 IST" finished-at="2021-07-22T18:16:29 IST">
          <reporter-output>
          </reporter-output>
        </test-method> <!-- close -->
      </class> <!-- EndtoEndProject.NavBar -->
    </test> <!-- Test2 -->
    <test name="Test3" duration-ms="15325" started-at="2021-07-22T18:16:19 IST" finished-at="2021-07-22T18:16:34 IST">
      <class name="EndtoEndProject.HomePage">
        <test-method status="PASS" signature="inti()[pri:0, instance:EndtoEndProject.HomePage@624ea235]" name="inti" is-config="true" duration-ms="1816" started-at="2021-07-22T18:16:19 IST" finished-at="2021-07-22T18:16:21 IST">
          <reporter-output>
          </reporter-output>
        </test-method> <!-- inti -->
        <test-method status="PASS" signature="basePageNavigation(java.lang.String,java.lang.String)[pri:0, instance:EndtoEndProject.HomePage@624ea235]" name="basePageNavigation" duration-ms="9308" started-at="2021-07-22T18:16:21 IST" data-provider="getData" finished-at="2021-07-22T18:16:30 IST">
          <params>
            <param index="0">
              <value>
                <![CDATA[username1]]>
              </value>
            </param>
            <param index="1">
              <value>
                <![CDATA[password1]]>
              </value>
            </param>
          </params>
          <reporter-output>
          </reporter-output>
        </test-method> <!-- basePageNavigation -->
        <test-method status="PASS" signature="basePageNavigation(java.lang.String,java.lang.String)[pri:0, instance:EndtoEndProject.HomePage@624ea235]" name="basePageNavigation" duration-ms="4084" started-at="2021-07-22T18:16:30 IST" data-provider="getData" finished-at="2021-07-22T18:16:34 IST">
          <params>
            <param index="0">
              <value>
                <![CDATA[username2]]>
              </value>
            </param>
            <param index="1">
              <value>
                <![CDATA[password2]]>
              </value>
            </param>
          </params>
          <reporter-output>
          </reporter-output>
        </test-method> <!-- basePageNavigation -->
        <test-method status="PASS" signature="close()[pri:0, instance:EndtoEndProject.HomePage@624ea235]" name="close" is-config="true" duration-ms="75" started-at="2021-07-22T18:16:34 IST" finished-at="2021-07-22T18:16:34 IST">
          <reporter-output>
          </reporter-output>
        </test-method> <!-- close -->
      </class> <!-- EndtoEndProject.HomePage -->
    </test> <!-- Test3 -->
  </suite> <!-- Suite -->
</testng-results>
